Arguments: 
  C:\Program Files\nodejs\node.exe C:\Users\felix\AppData\Roaming\npm\node_modules\yarn\bin\yarn.js add -D vuepress

PATH: 
  C:\Users\felix\bin;C:\Program Files\Git\mingw64\bin;C:\Program Files\Git\usr\local\bin;C:\Program Files\Git\usr\bin;C:\Program Files\Git\usr\bin;C:\Program Files\Git\mingw64\bin;C:\Program Files\Git\usr\bin;C:\Users\felix\bin;C:\ProgramData\Oracle\Java\javapath;C:\Program Files (x86)\Common Files\Oracle\Java\javapath;C:\Program Files\Java\jdk1.8.0_152\bin;C:\Program Files\Java\jdk1.8.0_152\jre\bin;C:\Program Files\nodejs;C:\WINDOWS\system32;C:\WINDOWS;C:\WINDOWS\System32\Wbem;C:\WINDOWS\System32\WindowsPowerShell\v1.0;C:\WINDOWS\System32\OpenSSH;C:\Program Files (x86)\Bluetooth Command Line Tools\bin;C:\Program Files\Git\cmd;C:\Program Files (x86)\NVIDIA Corporation\PhysX\Common;C:\Program1\apache-maven-3.6.3\bin;C:\Program1\apache-maven-3.6.3\bin;C:\WINDOWS\system32;C:\WINDOWS;C:\WINDOWS\System32\Wbem;C:\WINDOWS\System32\WindowsPowerShell\v1.0;C:\WINDOWS\System32\OpenSSH;C:\Users\felix\AppData\Local\Microsoft\WindowsApps;C:\Users\felix\AppData\Local\Programs\Microsoft VS Code\bin;C:\Users\felix\AppData\Roaming\npm;C:\windows\system32;C:\Program Files\JetBrains\IntelliJ IDEA 2019.2.3\bin;C:\Program Files\JetBrains\PyCharm 2020.1.2\bin;C:\Program Files\Git\usr\bin\vendor_perl;C:\Program Files\Git\usr\bin\core_perl

Yarn version: 
  1.9.4

Node version: 
  10.15.3

Platform: 
  win32 x64

Trace: 
  Error: 16808:error:1408F119:SSL routines:ssl3_get_record:decryption failed or bad record mac:c:\ws\deps\openssl\openssl\ssl\record\ssl3_record.c:469:

npm manifest: 
  {
    "name": "sloth",
    "version": "1.0.0",
    "description": "im a sloth",
    "main": "index.js",
    "author": "felix",
    "license": "MIT",
    "scripts": {
      "docs:dev": "vuepress dev docs",
      "docs:build": "vuepress build docs"
    },
    "devDependencies": {
      "vuepress": "^1.7.1"
    }
  }

yarn manifest: 
  No manifest

Lockfile: 
  No lockfile
